lis 16, 2025 5:00:39 PM rozgrywka.Gra graj
INFO: Nowa rozgrywka, gracz: Lukasz
lis 16, 2025 5:00:40 PM rozgrywka.Gra graj
INFO: Gracz Lukasz poddal sie.
lis 16, 2025 5:00:40 PM rozgrywka.Gra graj
INFO: Czas trwania rozgrywki: 765 ms
lis 16, 2025 5:00:46 PM rozgrywka.Gra graj
INFO: Nowa rozgrywka, gracz: lukasz
lis 16, 2025 5:00:49 PM rozgrywka.Gra graj
INFO: Gracz lukasz poddal sie.
lis 16, 2025 5:00:49 PM rozgrywka.Gra graj
INFO: Czas trwania rozgrywki: 2818 ms
lis 16, 2025 5:01:24 PM rozgrywka.Gra graj
INFO: Nowa rozgrywka, gracz: Lukasz
lis 16, 2025 5:01:31 PM rozgrywka.Gra graj
INFO: Gracz Lukasz podal: Ulamek{1/2}
lis 16, 2025 5:01:46 PM rozgrywka.Gra graj
INFO: Gracz Lukasz podal: Ulamek{1/7}
lis 16, 2025 5:01:50 PM rozgrywka.Gra graj
INFO: Gracz Lukasz poddal sie.
lis 16, 2025 5:01:50 PM rozgrywka.Gra graj
INFO: Czas trwania rozgrywki: 25729 ms
lis 16, 2025 5:02:33 PM rozgrywka.Gra graj
INFO: Nowa rozgrywka, gracz: lukasz
lis 16, 2025 5:02:35 PM rozgrywka.Gra graj
INFO: Gracz lukasz podal: Ulamek{1/2}
lis 16, 2025 5:02:36 PM rozgrywka.Gra graj
INFO: Gracz lukasz poddal sie.
lis 16, 2025 5:02:36 PM rozgrywka.Gra graj
INFO: Czas trwania rozgrywki: 2599 ms
lis 17, 2025 4:16:25 AM rozgrywka.Gra graj
INFO: Nowa rozgrywka, gracz: Lukasz
lis 17, 2025 4:16:27 AM rozgrywka.Gra graj
INFO: Gracz Lukasz podal: Ulamek{1/2}
lis 17, 2025 4:16:27 AM rozgrywka.Gra graj
INFO: Gracz Lukasz wygral. Trafiona liczba: Ulamek{1/2} w 1 probach.
lis 17, 2025 4:16:27 AM rozgrywka.Gra graj
INFO: Czas trwania rozgrywki: 2058 ms
lis 17, 2025 4:16:45 AM rozgrywka.Gra graj
INFO: Nowa rozgrywka, gracz: luksz
lis 17, 2025 4:16:46 AM rozgrywka.Gra graj
INFO: Gracz luksz podal: Ulamek{1/2}
lis 17, 2025 4:16:47 AM rozgrywka.Gra graj
INFO: Gracz luksz poddal sie.
lis 17, 2025 4:16:47 AM rozgrywka.Gra graj
INFO: Czas trwania rozgrywki: 2489 ms
lis 17, 2025 11:33:22 AM rozgrywka.Gra graj
INFO: Nowa rozgrywka, gracz: lukasz
lis 17, 2025 11:33:24 AM rozgrywka.Gra graj
INFO: Gracz lukasz podal: Ulamek{1/2}
lis 17, 2025 11:33:28 AM rozgrywka.Gra graj
INFO: Gracz lukasz podal: Ulamek{2/3}
lis 17, 2025 11:33:32 AM rozgrywka.Gra graj
INFO: Gracz lukasz podal: Ulamek{4/5}
lis 17, 2025 11:33:33 AM rozgrywka.Gra graj
INFO: Gracz lukasz poddal sie.
lis 17, 2025 11:33:33 AM rozgrywka.Gra graj
INFO: Czas trwania rozgrywki: 10958 ms
lis 17, 2025 12:25:31 PM rozgrywka.Gra graj
INFO: Nowa rozgrywka, gracz: Lukasz
lis 17, 2025 12:25:36 PM rozgrywka.Gra graj
INFO: Gracz Lukasz podal: Ulamek{1/2}
lis 17, 2025 12:25:41 PM rozgrywka.Gra graj
INFO: Gracz Lukasz podal: Ulamek{4/5}
lis 17, 2025 12:25:43 PM rozgrywka.Gra graj
INFO: Gracz Lukasz podal: Ulamek{7/8}
lis 17, 2025 12:25:46 PM rozgrywka.Gra graj
INFO: Gracz Lukasz poddal sie.
lis 17, 2025 12:25:46 PM rozgrywka.Gra graj
INFO: Czas trwania rozgrywki: 15002 ms
lis 17, 2025 12:26:07 PM rozgrywka.Gra graj
INFO: Nowa rozgrywka, gracz: Lukasz
lis 17, 2025 12:26:56 PM rozgrywka.Gra graj
INFO: Gracz Lukasz poddal sie.
lis 17, 2025 12:26:56 PM rozgrywka.Gra graj
INFO: Czas trwania rozgrywki: 48718 ms
lis 17, 2025 12:27:29 PM rozgrywka.Gra graj
INFO: Nowa rozgrywka, gracz: lafsa
lis 17, 2025 12:27:30 PM rozgrywka.Gra graj
WARNING: Bledne dane od gracza lafsa: Oczekiwano formatu a/b
lis 17, 2025 12:27:31 PM rozgrywka.Gra graj
INFO: Gracz lafsa poddal sie.
lis 17, 2025 12:27:31 PM rozgrywka.Gra graj
INFO: Czas trwania rozgrywki: 2274 ms
lis 17, 2025 12:27:35 PM rozgrywka.Gra graj
INFO: Nowa rozgrywka, gracz: lukasz
lis 17, 2025 12:27:40 PM rozgrywka.Gra graj
INFO: Gracz lukasz poddal sie.
lis 17, 2025 12:27:40 PM rozgrywka.Gra graj
INFO: Czas trwania rozgrywki: 4156 ms
lis 17, 2025 12:27:48 PM rozgrywka.Gra graj
INFO: Nowa rozgrywka, gracz: lukasz
lis 17, 2025 12:27:50 PM rozgrywka.Gra graj
INFO: Gracz lukasz poddal sie.
lis 17, 2025 12:27:50 PM rozgrywka.Gra graj
INFO: Czas trwania rozgrywki: 2038 ms
lis 17, 2025 12:27:53 PM rozgrywka.Gra graj
INFO: Nowa rozgrywka, gracz: l
lis 17, 2025 12:27:55 PM rozgrywka.Gra graj
INFO: Gracz l poddal sie.
lis 17, 2025 12:27:55 PM rozgrywka.Gra graj
INFO: Czas trwania rozgrywki: 962 ms
lis 17, 2025 12:28:12 PM rozgrywka.Gra graj
INFO: Nowa rozgrywka, gracz: lukasz
lis 17, 2025 12:28:14 PM rozgrywka.Gra graj
INFO: Gracz lukasz poddal sie.
lis 17, 2025 12:28:14 PM rozgrywka.Gra graj
INFO: Czas trwania rozgrywki: 2563 ms
lis 17, 2025 12:28:18 PM rozgrywka.Gra graj
INFO: Nowa rozgrywka, gracz: ldua
lis 17, 2025 12:28:19 PM rozgrywka.Gra graj
INFO: Gracz ldua poddal sie.
lis 17, 2025 12:28:19 PM rozgrywka.Gra graj
INFO: Czas trwania rozgrywki: 952 ms
